<?xml version="1.0" encoding="UTF-8"?>
<testsuite xmlns:xsi="http://www.w3.org/2001/XMLSchema-instance" xsi:noNamespaceSchemaLocation="https://maven.apache.org/surefire/maven-surefire-plugin/xsd/surefire-test-report-3.0.xsd" version="3.0" name="attini.role.mapper.ProcessingServiceTest" time="0.593" tests="1" errors="0" skipped="0" failures="0">
  <properties>
    <property name="awt.toolkit" value="sun.awt.X11.XToolkit"/>
    <property name="java.specification.version" value="11"/>
    <property name="sun.cpu.isalist" value=""/>
    <property name="sun.jnu.encoding" value="UTF-8"/>
    <property name="java.class.path" value="/home/backstromjoel/git_repos/aws-sso-role-names-mapper/attini-role-mapper/target/test-classes:/home/backstromjoel/git_repos/aws-sso-role-names-mapper/attini-role-mapper/target/classes:/home/backstromjoel/.m2/repository/org/mockito/mockito-junit-jupiter/3.8.0/mockito-junit-jupiter-3.8.0.jar:/home/backstromjoel/.m2/repository/org/mockito/mockito-core/3.8.0/mockito-core-3.8.0.jar:/home/backstromjoel/.m2/repository/net/bytebuddy/byte-buddy/1.10.20/byte-buddy-1.10.20.jar:/home/backstromjoel/.m2/repository/net/bytebuddy/byte-buddy-agent/1.10.20/byte-buddy-agent-1.10.20.jar:/home/backstromjoel/.m2/repository/org/objenesis/objenesis/3.1/objenesis-3.1.jar:/home/backstromjoel/.m2/repository/org/junit/jupiter/junit-jupiter-api/5.7.1/junit-jupiter-api-5.7.1.jar:/home/backstromjoel/.m2/repository/org/apiguardian/apiguardian-api/1.1.0/apiguardian-api-1.1.0.jar:/home/backstromjoel/.m2/repository/org/opentest4j/opentest4j/1.2.0/opentest4j-1.2.0.jar:/home/backstromjoel/.m2/repository/org/junit/platform/junit-platform-commons/1.7.1/junit-platform-commons-1.7.1.jar:/home/backstromjoel/.m2/repository/io/quarkus/quarkus-amazon-lambda/1.13.6.Final/quarkus-amazon-lambda-1.13.6.Final.jar:/home/backstromjoel/.m2/repository/io/quarkus/quarkus-amazon-lambda-common/1.13.6.Final/quarkus-amazon-lambda-common-1.13.6.Final.jar:/home/backstromjoel/.m2/repository/com/amazonaws/aws-lambda-java-core/1.2.1/aws-lambda-java-core-1.2.1.jar:/home/backstromjoel/.m2/repository/com/amazonaws/aws-lambda-java-events/3.7.0/aws-lambda-java-events-3.7.0.jar:/home/backstromjoel/.m2/repository/io/quarkus/quarkus-arc/1.13.6.Final/quarkus-arc-1.13.6.Final.jar:/home/backstromjoel/.m2/repository/io/quarkus/arc/arc/1.13.6.Final/arc-1.13.6.Final.jar:/home/backstromjoel/.m2/repository/jakarta/transaction/jakarta.transaction-api/1.3.3/jakarta.transaction-api-1.3.3.jar:/home/backstromjoel/.m2/repository/org/eclipse/microprofile/context-propagation/microprofile-context-propagation-api/1.0.1/microprofile-context-propagation-api-1.0.1.jar:/home/backstromjoel/.m2/repository/io/quarkus/quarkus-jackson/1.13.6.Final/quarkus-jackson-1.13.6.Final.jar:/home/backstromjoel/.m2/repository/com/fasterxml/jackson/core/jackson-databind/2.12.3/jackson-databind-2.12.3.jar:/home/backstromjoel/.m2/repository/com/fasterxml/jackson/datatype/jackson-datatype-jsr310/2.12.3/jackson-datatype-jsr310-2.12.3.jar:/home/backstromjoel/.m2/repository/com/fasterxml/jackson/datatype/jackson-datatype-jdk8/2.12.3/jackson-datatype-jdk8-2.12.3.jar:/home/backstromjoel/.m2/repository/com/fasterxml/jackson/module/jackson-module-parameter-names/2.12.3/jackson-module-parameter-names-2.12.3.jar:/home/backstromjoel/.m2/repository/com/fasterxml/jackson/datatype/jackson-datatype-joda/2.12.3/jackson-datatype-joda-2.12.3.jar:/home/backstromjoel/.m2/repository/com/fasterxml/jackson/core/jackson-annotations/2.12.3/jackson-annotations-2.12.3.jar:/home/backstromjoel/.m2/repository/com/fasterxml/jackson/core/jackson-core/2.12.3/jackson-core-2.12.3.jar:/home/backstromjoel/.m2/repository/joda-time/joda-time/2.10.8/joda-time-2.10.8.jar:/home/backstromjoel/.m2/repository/io/quarkus/quarkus-test-amazon-lambda/1.13.6.Final/quarkus-test-amazon-lambda-1.13.6.Final.jar:/home/backstromjoel/.m2/repository/io/quarkus/quarkus-test-common/1.13.6.Final/quarkus-test-common-1.13.6.Final.jar:/home/backstromjoel/.m2/repository/io/quarkus/quarkus-core-deployment/1.13.6.Final/quarkus-core-deployment-1.13.6.Final.jar:/home/backstromjoel/.m2/repository/io/quarkus/gizmo/gizmo/1.0.7.Final/gizmo-1.0.7.Final.jar:/home/backstromjoel/.m2/repository/org/ow2/asm/asm-util/9.1/asm-util-9.1.jar:/home/backstromjoel/.m2/repository/org/ow2/asm/asm-tree/9.1/asm-tree-9.1.jar:/home/backstromjoel/.m2/repository/org/ow2/asm/asm-analysis/9.1/asm-analysis-9.1.jar:/home/backstromjoel/.m2/repository/org/ow2/asm/asm/9.1/asm-9.1.jar:/home/backstromjoel/.m2/repository/io/quarkus/quarkus-class-change-agent/1.13.6.Final/quarkus-class-change-agent-1.13.6.Final.jar:/home/backstromjoel/.m2/repository/io/quarkus/quarkus-devtools-utilities/1.13.6.Final/quarkus-devtools-utilities-1.13.6.Final.jar:/home/backstromjoel/.m2/repository/io/quarkus/quarkus-builder/1.13.6.Final/quarkus-builder-1.13.6.Final.jar:/home/backstromjoel/.m2/repository/io/quarkus/quarkus-jsonp-deployment/1.13.6.Final/quarkus-jsonp-deployment-1.13.6.Final.jar:/home/backstromjoel/.m2/repository/io/quarkus/quarkus-jsonp/1.13.6.Final/quarkus-jsonp-1.13.6.Final.jar:/home/backstromjoel/.m2/repository/org/glassfish/jakarta.json/1.1.6/jakarta.json-1.1.6.jar:/home/backstromjoel/.m2/repository/org/jboss/jandex/2.2.3.Final/jandex-2.2.3.Final.jar:/home/backstromjoel/.m2/repository/org/jboss/logging/commons-logging-jboss-logging/1.0.0.Final/commons-logging-jboss-logging-1.0.0.Final.jar:/home/backstromjoel/.m2/repository/io/quarkus/http/quarkus-http-core/3.1.1.Final/quarkus-http-core-3.1.1.Final.jar:/home/backstromjoel/.m2/repository/io/quarkus/http/quarkus-http-http-core/3.1.1.Final/quarkus-http-http-core-3.1.1.Final.jar:/home/backstromjoel/.m2/repository/io/netty/netty-buffer/4.1.49.Final/netty-buffer-4.1.49.Final.jar:/home/backstromjoel/.m2/repository/org/jboss/logging/jboss-logging/3.4.1.Final/jboss-logging-3.4.1.Final.jar:/home/backstromjoel/.m2/repository/io/netty/netty-codec-http/4.1.49.Final/netty-codec-http-4.1.49.Final.jar:/home/backstromjoel/.m2/repository/io/netty/netty-common/4.1.49.Final/netty-common-4.1.49.Final.jar:/home/backstromjoel/.m2/repository/io/netty/netty-transport/4.1.49.Final/netty-transport-4.1.49.Final.jar:/home/backstromjoel/.m2/repository/io/netty/netty-codec/4.1.49.Final/netty-codec-4.1.49.Final.jar:/home/backstromjoel/.m2/repository/io/netty/netty-handler/4.1.49.Final/netty-handler-4.1.49.Final.jar:/home/backstromjoel/.m2/repository/io/quarkus/http/quarkus-http-vertx-backend/3.1.1.Final/quarkus-http-vertx-backend-3.1.1.Final.jar:/home/backstromjoel/.m2/repository/io/vertx/vertx-core/3.9.6/vertx-core-3.9.6.jar:/home/backstromjoel/.m2/repository/io/netty/netty-handler-proxy/4.1.49.Final/netty-handler-proxy-4.1.49.Final.jar:/home/backstromjoel/.m2/repository/io/netty/netty-codec-socks/4.1.49.Final/netty-codec-socks-4.1.49.Final.jar:/home/backstromjoel/.m2/repository/io/netty/netty-codec-http2/4.1.49.Final/netty-codec-http2-4.1.49.Final.jar:/home/backstromjoel/.m2/repository/io/netty/netty-resolver/4.1.49.Final/netty-resolver-4.1.49.Final.jar:/home/backstromjoel/.m2/repository/io/netty/netty-resolver-dns/4.1.49.Final/netty-resolver-dns-4.1.49.Final.jar:/home/backstromjoel/.m2/repository/io/netty/netty-codec-dns/4.1.49.Final/netty-codec-dns-4.1.49.Final.jar:/home/backstromjoel/.m2/repository/io/quarkus/quarkus-junit5/1.13.6.Final/quarkus-junit5-1.13.6.Final.jar:/home/backstromjoel/.m2/repository/io/quarkus/quarkus-bootstrap-core/1.13.6.Final/quarkus-bootstrap-core-1.13.6.Final.jar:/home/backstromjoel/.m2/repository/io/quarkus/quarkus-bootstrap-app-model/1.13.6.Final/quarkus-bootstrap-app-model-1.13.6.Final.jar:/home/backstromjoel/.m2/repository/io/quarkus/quarkus-bootstrap-maven-resolver/1.13.6.Final/quarkus-bootstrap-maven-resolver-1.13.6.Final.jar:/home/backstromjoel/.m2/repository/org/apache/maven/maven-embedder/3.8.1/maven-embedder-3.8.1.jar:/home/backstromjoel/.m2/repository/org/apache/maven/maven-settings/3.8.1/maven-settings-3.8.1.jar:/home/backstromjoel/.m2/repository/org/apache/maven/maven-core/3.8.1/maven-core-3.8.1.jar:/home/backstromjoel/.m2/repository/org/apache/maven/maven-artifact/3.8.1/maven-artifact-3.8.1.jar:/home/backstromjoel/.m2/repository/org/codehaus/plexus/plexus-component-annotations/2.1.0/plexus-component-annotations-2.1.0.jar:/home/backstromjoel/.m2/repository/org/apache/maven/maven-plugin-api/3.8.1/maven-plugin-api-3.8.1.jar:/home/backstromjoel/.m2/repository/org/apache/maven/maven-model/3.8.1/maven-model-3.8.1.jar:/home/backstromjoel/.m2/repository/org/apache/maven/maven-model-builder/3.8.1/maven-model-builder-3.8.1.jar:/home/backstromjoel/.m2/repository/org/apache/maven/maven-builder-support/3.8.1/maven-builder-support-3.8.1.jar:/home/backstromjoel/.m2/repository/org/apache/maven/resolver/maven-resolver-api/1.6.2/maven-resolver-api-1.6.2.jar:/home/backstromjoel/.m2/repository/org/apache/maven/resolver/maven-resolver-util/1.6.2/maven-resolver-util-1.6.2.jar:/home/backstromjoel/.m2/repository/org/apache/maven/shared/maven-shared-utils/3.2.1/maven-shared-utils-3.2.1.jar:/home/backstromjoel/.m2/repository/commons-io/commons-io/2.8.0/commons-io-2.8.0.jar:/home/backstromjoel/.m2/repository/com/google/inject/guice/4.2.1/guice-4.2.1-no_aop.jar:/home/backstromjoel/.m2/repository/com/google/guava/guava/30.1-jre/guava-30.1-jre.jar:/home/backstromjoel/.m2/repository/com/google/guava/failureaccess/1.0.1/failureaccess-1.0.1.jar:/home/backstromjoel/.m2/repository/com/google/guava/listenablefuture/9999.0-empty-to-avoid-conflict-with-guava/listenablefuture-9999.0-empty-to-avoid-conflict-with-guava.jar:/home/backstromjoel/.m2/repository/org/codehaus/plexus/plexus-utils/3.2.1/plexus-utils-3.2.1.jar:/home/backstromjoel/.m2/repository/org/codehaus/plexus/plexus-classworlds/2.6.0/plexus-classworlds-2.6.0.jar:/home/backstromjoel/.m2/repository/commons-cli/commons-cli/1.4/commons-cli-1.4.jar:/home/backstromjoel/.m2/repository/org/apache/commons/commons-lang3/3.12.0/commons-lang3-3.12.0.jar:/home/backstromjoel/.m2/repository/org/eclipse/sisu/org.eclipse.sisu.plexus/0.3.4/org.eclipse.sisu.plexus-0.3.4.jar:/home/backstromjoel/.m2/repository/org/apache/maven/maven-settings-builder/3.8.1/maven-settings-builder-3.8.1.jar:/home/backstromjoel/.m2/repository/org/codehaus/plexus/plexus-interpolation/1.25/plexus-interpolation-1.25.jar:/home/backstromjoel/.m2/repository/org/sonatype/plexus/plexus-sec-dispatcher/1.4/plexus-sec-dispatcher-1.4.jar:/home/backstromjoel/.m2/repository/org/sonatype/plexus/plexus-cipher/1.4/plexus-cipher-1.4.jar:/home/backstromjoel/.m2/repository/org/apache/maven/maven-resolver-provider/3.8.1/maven-resolver-provider-3.8.1.jar:/home/backstromjoel/.m2/repository/org/apache/maven/maven-repository-metadata/3.8.1/maven-repository-metadata-3.8.1.jar:/home/backstromjoel/.m2/repository/org/apache/maven/resolver/maven-resolver-spi/1.6.2/maven-resolver-spi-1.6.2.jar:/home/backstromjoel/.m2/repository/org/apache/maven/resolver/maven-resolver-impl/1.6.2/maven-resolver-impl-1.6.2.jar:/home/backstromjoel/.m2/repository/org/apache/maven/resolver/maven-resolver-connector-basic/1.6.2/maven-resolver-connector-basic-1.6.2.jar:/home/backstromjoel/.m2/repository/org/apache/maven/resolver/maven-resolver-transport-wagon/1.6.2/maven-resolver-transport-wagon-1.6.2.jar:/home/backstromjoel/.m2/repository/org/apache/maven/wagon/wagon-http/3.4.3/wagon-http-3.4.3.jar:/home/backstromjoel/.m2/repository/org/apache/maven/wagon/wagon-http-shared/3.4.3/wagon-http-shared-3.4.3.jar:/home/backstromjoel/.m2/repository/org/jsoup/jsoup/1.12.1/jsoup-1.12.1.jar:/home/backstromjoel/.m2/repository/org/apache/httpcomponents/httpclient/4.5.13/httpclient-4.5.13.jar:/home/backstromjoel/.m2/repository/commons-codec/commons-codec/1.14/commons-codec-1.14.jar:/home/backstromjoel/.m2/repository/org/apache/httpcomponents/httpcore/4.4.14/httpcore-4.4.14.jar:/home/backstromjoel/.m2/repository/org/apache/maven/wagon/wagon-provider-api/3.4.3/wagon-provider-api-3.4.3.jar:/home/backstromjoel/.m2/repository/org/apache/maven/wagon/wagon-file/3.4.3/wagon-file-3.4.3.jar:/home/backstromjoel/.m2/repository/io/quarkus/quarkus-bootstrap-gradle-resolver/1.13.6.Final/quarkus-bootstrap-gradle-resolver-1.13.6.Final.jar:/home/backstromjoel/.m2/repository/io/smallrye/common/smallrye-common-io/1.5.0/smallrye-common-io-1.5.0.jar:/home/backstromjoel/.m2/repository/org/eclipse/sisu/org.eclipse.sisu.inject/0.3.4/org.eclipse.sisu.inject-0.3.4.jar:/home/backstromjoel/.m2/repository/org/junit/jupiter/junit-jupiter/5.7.1/junit-jupiter-5.7.1.jar:/home/backstromjoel/.m2/repository/org/junit/jupiter/junit-jupiter-params/5.7.1/junit-jupiter-params-5.7.1.jar:/home/backstromjoel/.m2/repository/org/junit/jupiter/junit-jupiter-engine/5.7.1/junit-jupiter-engine-5.7.1.jar:/home/backstromjoel/.m2/repository/org/junit/platform/junit-platform-engine/1.7.1/junit-platform-engine-1.7.1.jar:/home/backstromjoel/.m2/repository/io/quarkus/quarkus-core/1.13.6.Final/quarkus-core-1.13.6.Final.jar:/home/backstromjoel/.m2/repository/jakarta/annotation/jakarta.annotation-api/1.3.5/jakarta.annotation-api-1.3.5.jar:/home/backstromjoel/.m2/repository/jakarta/enterprise/jakarta.enterprise.cdi-api/2.0.2/jakarta.enterprise.cdi-api-2.0.2.jar:/home/backstromjoel/.m2/repository/jakarta/el/jakarta.el-api/3.0.3/jakarta.el-api-3.0.3.jar:/home/backstromjoel/.m2/repository/jakarta/interceptor/jakarta.interceptor-api/1.2.5/jakarta.interceptor-api-1.2.5.jar:/home/backstromjoel/.m2/repository/jakarta/inject/jakarta.inject-api/1.0/jakarta.inject-api-1.0.jar:/home/backstromjoel/.m2/repository/io/quarkus/quarkus-ide-launcher/1.13.6.Final/quarkus-ide-launcher-1.13.6.Final.jar:/home/backstromjoel/.m2/repository/io/quarkus/quarkus-development-mode-spi/1.13.6.Final/quarkus-development-mode-spi-1.13.6.Final.jar:/home/backstromjoel/.m2/repository/io/smallrye/config/smallrye-config/1.13.1/smallrye-config-1.13.1.jar:/home/backstromjoel/.m2/repository/org/eclipse/microprofile/config/microprofile-config-api/1.4/microprofile-config-api-1.4.jar:/home/backstromjoel/.m2/repository/io/smallrye/common/smallrye-common-annotation/1.5.0/smallrye-common-annotation-1.5.0.jar:/home/backstromjoel/.m2/repository/io/smallrye/common/smallrye-common-expression/1.5.0/smallrye-common-expression-1.5.0.jar:/home/backstromjoel/.m2/repository/io/smallrye/common/smallrye-common-function/1.5.0/smallrye-common-function-1.5.0.jar:/home/backstromjoel/.m2/repository/io/smallrye/common/smallrye-common-constraint/1.5.0/smallrye-common-constraint-1.5.0.jar:/home/backstromjoel/.m2/repository/io/smallrye/common/smallrye-common-classloader/1.5.0/smallrye-common-classloader-1.5.0.jar:/home/backstromjoel/.m2/repository/io/smallrye/config/smallrye-config-common/1.13.1/smallrye-config-common-1.13.1.jar:/home/backstromjoel/.m2/repository/org/jboss/logmanager/jboss-logmanager-embedded/1.0.9/jboss-logmanager-embedded-1.0.9.jar:/home/backstromjoel/.m2/repository/org/jboss/logging/jboss-logging-annotations/2.2.0.Final/jboss-logging-annotations-2.2.0.Final.jar:/home/backstromjoel/.m2/repository/org/jboss/threads/jboss-threads/3.2.0.Final/jboss-threads-3.2.0.Final.jar:/home/backstromjoel/.m2/repository/org/slf4j/slf4j-api/1.7.30/slf4j-api-1.7.30.jar:/home/backstromjoel/.m2/repository/org/jboss/slf4j/slf4j-jboss-logmanager/1.1.0.Final/slf4j-jboss-logmanager-1.1.0.Final.jar:/home/backstromjoel/.m2/repository/org/graalvm/sdk/graal-sdk/21.0.0/graal-sdk-21.0.0.jar:/home/backstromjoel/.m2/repository/org/wildfly/common/wildfly-common/1.5.4.Final-format-001/wildfly-common-1.5.4.Final-format-001.jar:/home/backstromjoel/.m2/repository/io/quarkus/quarkus-bootstrap-runner/1.13.6.Final/quarkus-bootstrap-runner-1.13.6.Final.jar:/home/backstromjoel/.m2/repository/io/quarkus/quarkus-datasource-deployment-spi/1.13.6.Final/quarkus-datasource-deployment-spi-1.13.6.Final.jar:/home/backstromjoel/.m2/repository/io/quarkus/quarkus-arc-deployment/1.13.6.Final/quarkus-arc-deployment-1.13.6.Final.jar:/home/backstromjoel/.m2/repository/io/quarkus/quarkus-vertx-http-dev-console-spi/1.13.6.Final/quarkus-vertx-http-dev-console-spi-1.13.6.Final.jar:/home/backstromjoel/.m2/repository/io/quarkus/quarkus-vertx-http-dev-console-runtime-spi/1.13.6.Final/quarkus-vertx-http-dev-console-runtime-spi-1.13.6.Final.jar:/home/backstromjoel/.m2/repository/io/vertx/vertx-web/3.9.6/vertx-web-3.9.6.jar:/home/backstromjoel/.m2/repository/io/vertx/vertx-web-common/3.9.6/vertx-web-common-3.9.6.jar:/home/backstromjoel/.m2/repository/io/vertx/vertx-auth-common/3.9.6/vertx-auth-common-3.9.6.jar:/home/backstromjoel/.m2/repository/io/vertx/vertx-bridge-common/3.9.6/vertx-bridge-common-3.9.6.jar:/home/backstromjoel/.m2/repository/io/quarkus/arc/arc-processor/1.13.6.Final/arc-processor-1.13.6.Final.jar:/home/backstromjoel/.m2/repository/io/quarkus/quarkus-datasource-common/1.13.6.Final/quarkus-datasource-common-1.13.6.Final.jar:/home/backstromjoel/.m2/repository/com/thoughtworks/xstream/xstream/1.4.17/xstream-1.4.17.jar:/home/backstromjoel/.m2/repository/io/github/x-stream/mxparser/1.2.1/mxparser-1.2.1.jar:/home/backstromjoel/.m2/repository/xmlpull/xmlpull/1.1.3.1/xmlpull-1.1.3.1.jar:"/>
    <property name="java.vm.vendor" value="GraalVM Community"/>
    <property name="sun.arch.data.model" value="64"/>
    <property name="java.vendor.url" value="https://www.graalvm.org/"/>
    <property name="user.timezone" value=""/>
    <property name="java.vm.specification.version" value="11"/>
    <property name="os.name" value="Linux"/>
    <property name="sun.java.launcher" value="SUN_STANDARD"/>
    <property name="sun.boot.library.path" value="/home/backstromjoel/Packages/graalvm/lib"/>
    <property name="sun.java.command" value="/home/backstromjoel/git_repos/aws-sso-role-names-mapper/attini-role-mapper/target/surefire/surefirebooter13081543653917532248.jar /home/backstromjoel/git_repos/aws-sso-role-names-mapper/attini-role-mapper/target/surefire 2021-06-07T16-29-27_908-jvmRun1 surefire10598688691187169317tmp surefire_015519766273856950831tmp"/>
    <property name="jdk.debug" value="release"/>
    <property name="maven.home" value="/usr/share/maven"/>
    <property name="surefire.test.class.path" value="/home/backstromjoel/git_repos/aws-sso-role-names-mapper/attini-role-mapper/target/test-classes:/home/backstromjoel/git_repos/aws-sso-role-names-mapper/attini-role-mapper/target/classes:/home/backstromjoel/.m2/repository/org/mockito/mockito-junit-jupiter/3.8.0/mockito-junit-jupiter-3.8.0.jar:/home/backstromjoel/.m2/repository/org/mockito/mockito-core/3.8.0/mockito-core-3.8.0.jar:/home/backstromjoel/.m2/repository/net/bytebuddy/byte-buddy/1.10.20/byte-buddy-1.10.20.jar:/home/backstromjoel/.m2/repository/net/bytebuddy/byte-buddy-agent/1.10.20/byte-buddy-agent-1.10.20.jar:/home/backstromjoel/.m2/repository/org/objenesis/objenesis/3.1/objenesis-3.1.jar:/home/backstromjoel/.m2/repository/org/junit/jupiter/junit-jupiter-api/5.7.1/junit-jupiter-api-5.7.1.jar:/home/backstromjoel/.m2/repository/org/apiguardian/apiguardian-api/1.1.0/apiguardian-api-1.1.0.jar:/home/backstromjoel/.m2/repository/org/opentest4j/opentest4j/1.2.0/opentest4j-1.2.0.jar:/home/backstromjoel/.m2/repository/org/junit/platform/junit-platform-commons/1.7.1/junit-platform-commons-1.7.1.jar:/home/backstromjoel/.m2/repository/io/quarkus/quarkus-amazon-lambda/1.13.6.Final/quarkus-amazon-lambda-1.13.6.Final.jar:/home/backstromjoel/.m2/repository/io/quarkus/quarkus-amazon-lambda-common/1.13.6.Final/quarkus-amazon-lambda-common-1.13.6.Final.jar:/home/backstromjoel/.m2/repository/com/amazonaws/aws-lambda-java-core/1.2.1/aws-lambda-java-core-1.2.1.jar:/home/backstromjoel/.m2/repository/com/amazonaws/aws-lambda-java-events/3.7.0/aws-lambda-java-events-3.7.0.jar:/home/backstromjoel/.m2/repository/io/quarkus/quarkus-arc/1.13.6.Final/quarkus-arc-1.13.6.Final.jar:/home/backstromjoel/.m2/repository/io/quarkus/arc/arc/1.13.6.Final/arc-1.13.6.Final.jar:/home/backstromjoel/.m2/repository/jakarta/transaction/jakarta.transaction-api/1.3.3/jakarta.transaction-api-1.3.3.jar:/home/backstromjoel/.m2/repository/org/eclipse/microprofile/context-propagation/microprofile-context-propagation-api/1.0.1/microprofile-context-propagation-api-1.0.1.jar:/home/backstromjoel/.m2/repository/io/quarkus/quarkus-jackson/1.13.6.Final/quarkus-jackson-1.13.6.Final.jar:/home/backstromjoel/.m2/repository/com/fasterxml/jackson/core/jackson-databind/2.12.3/jackson-databind-2.12.3.jar:/home/backstromjoel/.m2/repository/com/fasterxml/jackson/datatype/jackson-datatype-jsr310/2.12.3/jackson-datatype-jsr310-2.12.3.jar:/home/backstromjoel/.m2/repository/com/fasterxml/jackson/datatype/jackson-datatype-jdk8/2.12.3/jackson-datatype-jdk8-2.12.3.jar:/home/backstromjoel/.m2/repository/com/fasterxml/jackson/module/jackson-module-parameter-names/2.12.3/jackson-module-parameter-names-2.12.3.jar:/home/backstromjoel/.m2/repository/com/fasterxml/jackson/datatype/jackson-datatype-joda/2.12.3/jackson-datatype-joda-2.12.3.jar:/home/backstromjoel/.m2/repository/com/fasterxml/jackson/core/jackson-annotations/2.12.3/jackson-annotations-2.12.3.jar:/home/backstromjoel/.m2/repository/com/fasterxml/jackson/core/jackson-core/2.12.3/jackson-core-2.12.3.jar:/home/backstromjoel/.m2/repository/joda-time/joda-time/2.10.8/joda-time-2.10.8.jar:/home/backstromjoel/.m2/repository/io/quarkus/quarkus-test-amazon-lambda/1.13.6.Final/quarkus-test-amazon-lambda-1.13.6.Final.jar:/home/backstromjoel/.m2/repository/io/quarkus/quarkus-test-common/1.13.6.Final/quarkus-test-common-1.13.6.Final.jar:/home/backstromjoel/.m2/repository/io/quarkus/quarkus-core-deployment/1.13.6.Final/quarkus-core-deployment-1.13.6.Final.jar:/home/backstromjoel/.m2/repository/io/quarkus/gizmo/gizmo/1.0.7.Final/gizmo-1.0.7.Final.jar:/home/backstromjoel/.m2/repository/org/ow2/asm/asm-util/9.1/asm-util-9.1.jar:/home/backstromjoel/.m2/repository/org/ow2/asm/asm-tree/9.1/asm-tree-9.1.jar:/home/backstromjoel/.m2/repository/org/ow2/asm/asm-analysis/9.1/asm-analysis-9.1.jar:/home/backstromjoel/.m2/repository/org/ow2/asm/asm/9.1/asm-9.1.jar:/home/backstromjoel/.m2/repository/io/quarkus/quarkus-class-change-agent/1.13.6.Final/quarkus-class-change-agent-1.13.6.Final.jar:/home/backstromjoel/.m2/repository/io/quarkus/quarkus-devtools-utilities/1.13.6.Final/quarkus-devtools-utilities-1.13.6.Final.jar:/home/backstromjoel/.m2/repository/io/quarkus/quarkus-builder/1.13.6.Final/quarkus-builder-1.13.6.Final.jar:/home/backstromjoel/.m2/repository/io/quarkus/quarkus-jsonp-deployment/1.13.6.Final/quarkus-jsonp-deployment-1.13.6.Final.jar:/home/backstromjoel/.m2/repository/io/quarkus/quarkus-jsonp/1.13.6.Final/quarkus-jsonp-1.13.6.Final.jar:/home/backstromjoel/.m2/repository/org/glassfish/jakarta.json/1.1.6/jakarta.json-1.1.6.jar:/home/backstromjoel/.m2/repository/org/jboss/jandex/2.2.3.Final/jandex-2.2.3.Final.jar:/home/backstromjoel/.m2/repository/org/jboss/logging/commons-logging-jboss-logging/1.0.0.Final/commons-logging-jboss-logging-1.0.0.Final.jar:/home/backstromjoel/.m2/repository/io/quarkus/http/quarkus-http-core/3.1.1.Final/quarkus-http-core-3.1.1.Final.jar:/home/backstromjoel/.m2/repository/io/quarkus/http/quarkus-http-http-core/3.1.1.Final/quarkus-http-http-core-3.1.1.Final.jar:/home/backstromjoel/.m2/repository/io/netty/netty-buffer/4.1.49.Final/netty-buffer-4.1.49.Final.jar:/home/backstromjoel/.m2/repository/org/jboss/logging/jboss-logging/3.4.1.Final/jboss-logging-3.4.1.Final.jar:/home/backstromjoel/.m2/repository/io/netty/netty-codec-http/4.1.49.Final/netty-codec-http-4.1.49.Final.jar:/home/backstromjoel/.m2/repository/io/netty/netty-common/4.1.49.Final/netty-common-4.1.49.Final.jar:/home/backstromjoel/.m2/repository/io/netty/netty-transport/4.1.49.Final/netty-transport-4.1.49.Final.jar:/home/backstromjoel/.m2/repository/io/netty/netty-codec/4.1.49.Final/netty-codec-4.1.49.Final.jar:/home/backstromjoel/.m2/repository/io/netty/netty-handler/4.1.49.Final/netty-handler-4.1.49.Final.jar:/home/backstromjoel/.m2/repository/io/quarkus/http/quarkus-http-vertx-backend/3.1.1.Final/quarkus-http-vertx-backend-3.1.1.Final.jar:/home/backstromjoel/.m2/repository/io/vertx/vertx-core/3.9.6/vertx-core-3.9.6.jar:/home/backstromjoel/.m2/repository/io/netty/netty-handler-proxy/4.1.49.Final/netty-handler-proxy-4.1.49.Final.jar:/home/backstromjoel/.m2/repository/io/netty/netty-codec-socks/4.1.49.Final/netty-codec-socks-4.1.49.Final.jar:/home/backstromjoel/.m2/repository/io/netty/netty-codec-http2/4.1.49.Final/netty-codec-http2-4.1.49.Final.jar:/home/backstromjoel/.m2/repository/io/netty/netty-resolver/4.1.49.Final/netty-resolver-4.1.49.Final.jar:/home/backstromjoel/.m2/repository/io/netty/netty-resolver-dns/4.1.49.Final/netty-resolver-dns-4.1.49.Final.jar:/home/backstromjoel/.m2/repository/io/netty/netty-codec-dns/4.1.49.Final/netty-codec-dns-4.1.49.Final.jar:/home/backstromjoel/.m2/repository/io/quarkus/quarkus-junit5/1.13.6.Final/quarkus-junit5-1.13.6.Final.jar:/home/backstromjoel/.m2/repository/io/quarkus/quarkus-bootstrap-core/1.13.6.Final/quarkus-bootstrap-core-1.13.6.Final.jar:/home/backstromjoel/.m2/repository/io/quarkus/quarkus-bootstrap-app-model/1.13.6.Final/quarkus-bootstrap-app-model-1.13.6.Final.jar:/home/backstromjoel/.m2/repository/io/quarkus/quarkus-bootstrap-maven-resolver/1.13.6.Final/quarkus-bootstrap-maven-resolver-1.13.6.Final.jar:/home/backstromjoel/.m2/repository/org/apache/maven/maven-embedder/3.8.1/maven-embedder-3.8.1.jar:/home/backstromjoel/.m2/repository/org/apache/maven/maven-settings/3.8.1/maven-settings-3.8.1.jar:/home/backstromjoel/.m2/repository/org/apache/maven/maven-core/3.8.1/maven-core-3.8.1.jar:/home/backstromjoel/.m2/repository/org/apache/maven/maven-artifact/3.8.1/maven-artifact-3.8.1.jar:/home/backstromjoel/.m2/repository/org/codehaus/plexus/plexus-component-annotations/2.1.0/plexus-component-annotations-2.1.0.jar:/home/backstromjoel/.m2/repository/org/apache/maven/maven-plugin-api/3.8.1/maven-plugin-api-3.8.1.jar:/home/backstromjoel/.m2/repository/org/apache/maven/maven-model/3.8.1/maven-model-3.8.1.jar:/home/backstromjoel/.m2/repository/org/apache/maven/maven-model-builder/3.8.1/maven-model-builder-3.8.1.jar:/home/backstromjoel/.m2/repository/org/apache/maven/maven-builder-support/3.8.1/maven-builder-support-3.8.1.jar:/home/backstromjoel/.m2/repository/org/apache/maven/resolver/maven-resolver-api/1.6.2/maven-resolver-api-1.6.2.jar:/home/backstromjoel/.m2/repository/org/apache/maven/resolver/maven-resolver-util/1.6.2/maven-resolver-util-1.6.2.jar:/home/backstromjoel/.m2/repository/org/apache/maven/shared/maven-shared-utils/3.2.1/maven-shared-utils-3.2.1.jar:/home/backstromjoel/.m2/repository/commons-io/commons-io/2.8.0/commons-io-2.8.0.jar:/home/backstromjoel/.m2/repository/com/google/inject/guice/4.2.1/guice-4.2.1-no_aop.jar:/home/backstromjoel/.m2/repository/com/google/guava/guava/30.1-jre/guava-30.1-jre.jar:/home/backstromjoel/.m2/repository/com/google/guava/failureaccess/1.0.1/failureaccess-1.0.1.jar:/home/backstromjoel/.m2/repository/com/google/guava/listenablefuture/9999.0-empty-to-avoid-conflict-with-guava/listenablefuture-9999.0-empty-to-avoid-conflict-with-guava.jar:/home/backstromjoel/.m2/repository/org/codehaus/plexus/plexus-utils/3.2.1/plexus-utils-3.2.1.jar:/home/backstromjoel/.m2/repository/org/codehaus/plexus/plexus-classworlds/2.6.0/plexus-classworlds-2.6.0.jar:/home/backstromjoel/.m2/repository/commons-cli/commons-cli/1.4/commons-cli-1.4.jar:/home/backstromjoel/.m2/repository/org/apache/commons/commons-lang3/3.12.0/commons-lang3-3.12.0.jar:/home/backstromjoel/.m2/repository/org/eclipse/sisu/org.eclipse.sisu.plexus/0.3.4/org.eclipse.sisu.plexus-0.3.4.jar:/home/backstromjoel/.m2/repository/org/apache/maven/maven-settings-builder/3.8.1/maven-settings-builder-3.8.1.jar:/home/backstromjoel/.m2/repository/org/codehaus/plexus/plexus-interpolation/1.25/plexus-interpolation-1.25.jar:/home/backstromjoel/.m2/repository/org/sonatype/plexus/plexus-sec-dispatcher/1.4/plexus-sec-dispatcher-1.4.jar:/home/backstromjoel/.m2/repository/org/sonatype/plexus/plexus-cipher/1.4/plexus-cipher-1.4.jar:/home/backstromjoel/.m2/repository/org/apache/maven/maven-resolver-provider/3.8.1/maven-resolver-provider-3.8.1.jar:/home/backstromjoel/.m2/repository/org/apache/maven/maven-repository-metadata/3.8.1/maven-repository-metadata-3.8.1.jar:/home/backstromjoel/.m2/repository/org/apache/maven/resolver/maven-resolver-spi/1.6.2/maven-resolver-spi-1.6.2.jar:/home/backstromjoel/.m2/repository/org/apache/maven/resolver/maven-resolver-impl/1.6.2/maven-resolver-impl-1.6.2.jar:/home/backstromjoel/.m2/repository/org/apache/maven/resolver/maven-resolver-connector-basic/1.6.2/maven-resolver-connector-basic-1.6.2.jar:/home/backstromjoel/.m2/repository/org/apache/maven/resolver/maven-resolver-transport-wagon/1.6.2/maven-resolver-transport-wagon-1.6.2.jar:/home/backstromjoel/.m2/repository/org/apache/maven/wagon/wagon-http/3.4.3/wagon-http-3.4.3.jar:/home/backstromjoel/.m2/repository/org/apache/maven/wagon/wagon-http-shared/3.4.3/wagon-http-shared-3.4.3.jar:/home/backstromjoel/.m2/repository/org/jsoup/jsoup/1.12.1/jsoup-1.12.1.jar:/home/backstromjoel/.m2/repository/org/apache/httpcomponents/httpclient/4.5.13/httpclient-4.5.13.jar:/home/backstromjoel/.m2/repository/commons-codec/commons-codec/1.14/commons-codec-1.14.jar:/home/backstromjoel/.m2/repository/org/apache/httpcomponents/httpcore/4.4.14/httpcore-4.4.14.jar:/home/backstromjoel/.m2/repository/org/apache/maven/wagon/wagon-provider-api/3.4.3/wagon-provider-api-3.4.3.jar:/home/backstromjoel/.m2/repository/org/apache/maven/wagon/wagon-file/3.4.3/wagon-file-3.4.3.jar:/home/backstromjoel/.m2/repository/io/quarkus/quarkus-bootstrap-gradle-resolver/1.13.6.Final/quarkus-bootstrap-gradle-resolver-1.13.6.Final.jar:/home/backstromjoel/.m2/repository/io/smallrye/common/smallrye-common-io/1.5.0/smallrye-common-io-1.5.0.jar:/home/backstromjoel/.m2/repository/org/eclipse/sisu/org.eclipse.sisu.inject/0.3.4/org.eclipse.sisu.inject-0.3.4.jar:/home/backstromjoel/.m2/repository/org/junit/jupiter/junit-jupiter/5.7.1/junit-jupiter-5.7.1.jar:/home/backstromjoel/.m2/repository/org/junit/jupiter/junit-jupiter-params/5.7.1/junit-jupiter-params-5.7.1.jar:/home/backstromjoel/.m2/repository/org/junit/jupiter/junit-jupiter-engine/5.7.1/junit-jupiter-engine-5.7.1.jar:/home/backstromjoel/.m2/repository/org/junit/platform/junit-platform-engine/1.7.1/junit-platform-engine-1.7.1.jar:/home/backstromjoel/.m2/repository/io/quarkus/quarkus-core/1.13.6.Final/quarkus-core-1.13.6.Final.jar:/home/backstromjoel/.m2/repository/jakarta/annotation/jakarta.annotation-api/1.3.5/jakarta.annotation-api-1.3.5.jar:/home/backstromjoel/.m2/repository/jakarta/enterprise/jakarta.enterprise.cdi-api/2.0.2/jakarta.enterprise.cdi-api-2.0.2.jar:/home/backstromjoel/.m2/repository/jakarta/el/jakarta.el-api/3.0.3/jakarta.el-api-3.0.3.jar:/home/backstromjoel/.m2/repository/jakarta/interceptor/jakarta.interceptor-api/1.2.5/jakarta.interceptor-api-1.2.5.jar:/home/backstromjoel/.m2/repository/jakarta/inject/jakarta.inject-api/1.0/jakarta.inject-api-1.0.jar:/home/backstromjoel/.m2/repository/io/quarkus/quarkus-ide-launcher/1.13.6.Final/quarkus-ide-launcher-1.13.6.Final.jar:/home/backstromjoel/.m2/repository/io/quarkus/quarkus-development-mode-spi/1.13.6.Final/quarkus-development-mode-spi-1.13.6.Final.jar:/home/backstromjoel/.m2/repository/io/smallrye/config/smallrye-config/1.13.1/smallrye-config-1.13.1.jar:/home/backstromjoel/.m2/repository/org/eclipse/microprofile/config/microprofile-config-api/1.4/microprofile-config-api-1.4.jar:/home/backstromjoel/.m2/repository/io/smallrye/common/smallrye-common-annotation/1.5.0/smallrye-common-annotation-1.5.0.jar:/home/backstromjoel/.m2/repository/io/smallrye/common/smallrye-common-expression/1.5.0/smallrye-common-expression-1.5.0.jar:/home/backstromjoel/.m2/repository/io/smallrye/common/smallrye-common-function/1.5.0/smallrye-common-function-1.5.0.jar:/home/backstromjoel/.m2/repository/io/smallrye/common/smallrye-common-constraint/1.5.0/smallrye-common-constraint-1.5.0.jar:/home/backstromjoel/.m2/repository/io/smallrye/common/smallrye-common-classloader/1.5.0/smallrye-common-classloader-1.5.0.jar:/home/backstromjoel/.m2/repository/io/smallrye/config/smallrye-config-common/1.13.1/smallrye-config-common-1.13.1.jar:/home/backstromjoel/.m2/repository/org/jboss/logmanager/jboss-logmanager-embedded/1.0.9/jboss-logmanager-embedded-1.0.9.jar:/home/backstromjoel/.m2/repository/org/jboss/logging/jboss-logging-annotations/2.2.0.Final/jboss-logging-annotations-2.2.0.Final.jar:/home/backstromjoel/.m2/repository/org/jboss/threads/jboss-threads/3.2.0.Final/jboss-threads-3.2.0.Final.jar:/home/backstromjoel/.m2/repository/org/slf4j/slf4j-api/1.7.30/slf4j-api-1.7.30.jar:/home/backstromjoel/.m2/repository/org/jboss/slf4j/slf4j-jboss-logmanager/1.1.0.Final/slf4j-jboss-logmanager-1.1.0.Final.jar:/home/backstromjoel/.m2/repository/org/graalvm/sdk/graal-sdk/21.0.0/graal-sdk-21.0.0.jar:/home/backstromjoel/.m2/repository/org/wildfly/common/wildfly-common/1.5.4.Final-format-001/wildfly-common-1.5.4.Final-format-001.jar:/home/backstromjoel/.m2/repository/io/quarkus/quarkus-bootstrap-runner/1.13.6.Final/quarkus-bootstrap-runner-1.13.6.Final.jar:/home/backstromjoel/.m2/repository/io/quarkus/quarkus-datasource-deployment-spi/1.13.6.Final/quarkus-datasource-deployment-spi-1.13.6.Final.jar:/home/backstromjoel/.m2/repository/io/quarkus/quarkus-arc-deployment/1.13.6.Final/quarkus-arc-deployment-1.13.6.Final.jar:/home/backstromjoel/.m2/repository/io/quarkus/quarkus-vertx-http-dev-console-spi/1.13.6.Final/quarkus-vertx-http-dev-console-spi-1.13.6.Final.jar:/home/backstromjoel/.m2/repository/io/quarkus/quarkus-vertx-http-dev-console-runtime-spi/1.13.6.Final/quarkus-vertx-http-dev-console-runtime-spi-1.13.6.Final.jar:/home/backstromjoel/.m2/repository/io/vertx/vertx-web/3.9.6/vertx-web-3.9.6.jar:/home/backstromjoel/.m2/repository/io/vertx/vertx-web-common/3.9.6/vertx-web-common-3.9.6.jar:/home/backstromjoel/.m2/repository/io/vertx/vertx-auth-common/3.9.6/vertx-auth-common-3.9.6.jar:/home/backstromjoel/.m2/repository/io/vertx/vertx-bridge-common/3.9.6/vertx-bridge-common-3.9.6.jar:/home/backstromjoel/.m2/repository/io/quarkus/arc/arc-processor/1.13.6.Final/arc-processor-1.13.6.Final.jar:/home/backstromjoel/.m2/repository/io/quarkus/quarkus-datasource-common/1.13.6.Final/quarkus-datasource-common-1.13.6.Final.jar:/home/backstromjoel/.m2/repository/com/thoughtworks/xstream/xstream/1.4.17/xstream-1.4.17.jar:/home/backstromjoel/.m2/repository/io/github/x-stream/mxparser/1.2.1/mxparser-1.2.1.jar:/home/backstromjoel/.m2/repository/xmlpull/xmlpull/1.1.3.1/xmlpull-1.1.3.1.jar:"/>
    <property name="sun.cpu.endian" value="little"/>
    <property name="user.home" value="/home/backstromjoel"/>
    <property name="user.language" value="en"/>
    <property name="java.specification.vendor" value="Oracle Corporation"/>
    <property name="java.version.date" value="2021-04-20"/>
    <property name="java.home" value="/home/backstromjoel/Packages/graalvm"/>
    <property name="file.separator" value="/"/>
    <property name="basedir" value="/home/backstromjoel/git_repos/aws-sso-role-names-mapper/attini-role-mapper"/>
    <property name="java.vm.compressedOopsMode" value="Zero based"/>
    <property name="line.separator" value="&#10;"/>
    <property name="jdk.internal.vm.ci.enabled" value="true"/>
    <property name="java.specification.name" value="Java Platform API Specification"/>
    <property name="java.vm.specification.vendor" value="Oracle Corporation"/>
    <property name="java.awt.graphicsenv" value="sun.awt.X11GraphicsEnvironment"/>
    <property name="surefire.real.class.path" value="/home/backstromjoel/git_repos/aws-sso-role-names-mapper/attini-role-mapper/target/surefire/surefirebooter13081543653917532248.jar"/>
    <property name="sun.management.compiler" value="HotSpot 64-Bit Tiered Compilers"/>
    <property name="java.runtime.version" value="11.0.11+8-jvmci-21.1-b05"/>
    <property name="user.name" value="backstromjoel"/>
    <property name="path.separator" value=":"/>
    <property name="os.version" value="5.4.72-microsoft-standard-WSL2"/>
    <property name="java.runtime.name" value="OpenJDK Runtime Environment"/>
    <property name="file.encoding" value="UTF-8"/>
    <property name="java.vm.name" value="OpenJDK 64-Bit Server VM"/>
    <property name="java.vendor.version" value="GraalVM CE 21.1.0"/>
    <property name="localRepository" value="/home/backstromjoel/.m2/repository"/>
    <property name="java.vendor.url.bug" value="https://github.com/oracle/graal/issues"/>
    <property name="java.io.tmpdir" value="/tmp"/>
    <property name="java.version" value="11.0.11"/>
    <property name="user.dir" value="/home/backstromjoel/git_repos/aws-sso-role-names-mapper/attini-role-mapper"/>
    <property name="os.arch" value="amd64"/>
    <property name="java.vm.specification.name" value="Java Virtual Machine Specification"/>
    <property name="java.awt.printerjob" value="sun.print.PSPrinterJob"/>
    <property name="sun.os.patch.level" value="unknown"/>
    <property name="java.util.logging.manager" value="org.jboss.logmanager.LogManager"/>
    <property name="java.library.path" value="/usr/java/packages/lib:/usr/lib64:/lib64:/lib:/usr/lib"/>
    <property name="java.vm.info" value="mixed mode, sharing"/>
    <property name="java.vendor" value="GraalVM Community"/>
    <property name="java.vm.version" value="11.0.11+8-jvmci-21.1-b05"/>
    <property name="sun.io.unicode.encoding" value="UnicodeLittle"/>
    <property name="java.class.version" value="55.0"/>
  </properties>
  <testcase name="testString" classname="attini.role.mapper.ProcessingServiceTest" time="0.565"/>
</testsuite>